# JRE version: OpenJDK Runtime Environment Temurin-17.0.13+11 (17.0.13+11) (build 17.0.13+11)
# Java VM: OpenJDK 64-Bit Server VM Temurin-17.0.13+11 (17.0.13+11, mixed mode, tiered, compressed oops, compressed class ptrs, parallel gc, windows-amd64)
GC Precious Log:
 CPUs: 16 total, 16 available
 Memory: 16088M
 Large Page Support: Disabled
 NUMA Support: Disabled
 Compressed Oops: Enabled (32-bit)
 Alignments: Space 512K, Generation 512K, Heap 2M
 Heap Min Capacity: 100M
 Heap Initial Capacity: 100M
 Heap Max Capacity: 1G
 Pre-touch: Disabled
 Parallel Workers: 13
Heap:
 PSYoungGen      total 19968K, used 19946K [0x00000000eab00000, 0x00000000ec680000, 0x0000000100000000)
  eden space 14336K, 100% used [0x00000000eab00000,0x00000000eb900000,0x00000000eb900000)
  from space 5632K, 99% used [0x00000000eb900000,0x00000000ebe7ab10,0x00000000ebe80000)
  to   space 6656K, 0% used [0x00000000ec000000,0x00000000ec000000,0x00000000ec680000)
 ParOldGen       total 699392K, used 332490K [0x00000000c0000000, 0x00000000eab00000, 0x00000000eab00000)
  object space 699392K, 47% used [0x00000000c0000000,0x00000000d44b2978,0x00000000eab00000)
 Metaspace       used 77413K, committed 78720K, reserved 1179648K
  class space    used 8199K, committed 8768K, reserved 1048576K
GC Heap History (20 events):
Event: 81.079 GC heap before
{Heap before GC invocations=915 (full 87):
 PSYoungGen      total 20992K, used 20975K [0x00000000eab00000, 0x00000000ec880000, 0x0000000100000000)
  eden space 13312K, 100% used [0x00000000eab00000,0x00000000eb800000,0x00000000eb800000)
  from space 7680K, 99% used [0x00000000eb800000,0x00000000ebf7bd70,0x00000000ebf80000)
  to   space 8192K, 0% used [0x00000000ec080000,0x00000000ec080000,0x00000000ec880000)
 ParOldGen       total 699392K, used 328288K [0x00000000c0000000, 0x00000000eab00000, 0x00000000eab00000)
  object space 699392K, 46% used [0x00000000c0000000,0x00000000d4098190,0x00000000eab00000)
 Metaspace       used 76544K, committed 77760K, reserved 1179648K
  class space    used 8102K, committed 8640K, reserved 1048576K
}
Event: 81.084 GC heap after
{Heap after GC invocations=915 (full 87):
 PSYoungGen      total 17920K, used 3785K [0x00000000eab00000, 0x00000000ec480000, 0x0000000100000000)
  eden space 13824K, 0% used [0x00000000eab00000,0x00000000eab00000,0x00000000eb880000)
  from space 4096K, 92% used [0x00000000ec080000,0x00000000ec4324e0,0x00000000ec480000)
  to   space 5632K, 0% used [0x00000000eb980000,0x00000000eb980000,0x00000000ebf00000)
 ParOldGen       total 699392K, used 328288K [0x00000000c0000000, 0x00000000eab00000, 0x00000000eab00000)
  object space 699392K, 46% used [0x00000000c0000000,0x00000000d4098190,0x00000000eab00000)
 Metaspace       used 76544K, committed 77760K, reserved 1179648K
  class space    used 8102K, committed 8640K, reserved 1048576K
}
Event: 81.248 GC heap before
{Heap before GC invocations=916 (full 87):
 PSYoungGen      total 17920K, used 17609K [0x00000000eab00000, 0x00000000ec480000, 0x0000000100000000)
  eden space 13824K, 100% used [0x00000000eab00000,0x00000000eb880000,0x00000000eb880000)
  from space 4096K, 92% used [0x00000000ec080000,0x00000000ec4324e0,0x00000000ec480000)
  to   space 5632K, 0% used [0x00000000eb980000,0x00000000eb980000,0x00000000ebf00000)
 ParOldGen       total 699392K, used 328288K [0x00000000c0000000, 0x00000000eab00000, 0x00000000eab00000)
  object space 699392K, 46% used [0x00000000c0000000,0x00000000d4098190,0x00000000eab00000)
 Metaspace       used 76575K, committed 77760K, reserved 1179648K
  class space    used 8108K, committed 8640K, reserved 1048576K
}
Event: 81.250 GC heap after
{Heap after GC invocations=916 (full 87):
 PSYoungGen      total 18432K, used 4057K [0x00000000eab00000, 0x00000000ec200000, 0x0000000100000000)
  eden space 14336K, 0% used [0x00000000eab00000,0x00000000eab00000,0x00000000eb900000)
  from space 4096K, 99% used [0x00000000eb980000,0x00000000ebd764f0,0x00000000ebd80000)
  to   space 4608K, 0% used [0x00000000ebd80000,0x00000000ebd80000,0x00000000ec200000)
 ParOldGen       total 699392K, used 328424K [0x00000000c0000000, 0x00000000eab00000, 0x00000000eab00000)
  object space 699392K, 46% used [0x00000000c0000000,0x00000000d40ba190,0x00000000eab00000)
 Metaspace       used 76575K, committed 77760K, reserved 1179648K
  class space    used 8108K, committed 8640K, reserved 1048576K
}
Event: 81.325 GC heap before
{Heap before GC invocations=917 (full 87):
 PSYoungGen      total 18432K, used 18393K [0x00000000eab00000, 0x00000000ec200000, 0x0000000100000000)
  eden space 14336K, 100% used [0x00000000eab00000,0x00000000eb900000,0x00000000eb900000)
  from space 4096K, 99% used [0x00000000eb980000,0x00000000ebd764f0,0x00000000ebd80000)
  to   space 4608K, 0% used [0x00000000ebd80000,0x00000000ebd80000,0x00000000ec200000)
 ParOldGen       total 699392K, used 328424K [0x00000000c0000000, 0x00000000eab00000, 0x00000000eab00000)
  object space 699392K, 46% used [0x00000000c0000000,0x00000000d40ba190,0x00000000eab00000)
 Metaspace       used 76576K, committed 77760K, reserved 1179648K
  class space    used 8108K, committed 8640K, reserved 1048576K
}
Event: 81.328 GC heap after
{Heap after GC invocations=917 (full 87):
 PSYoungGen      total 17920K, used 2896K [0x00000000eab00000, 0x00000000ec080000, 0x0000000100000000)
  eden space 14848K, 0% used [0x00000000eab00000,0x00000000eab00000,0x00000000eb980000)
  from space 3072K, 94% used [0x00000000ebd80000,0x00000000ec054010,0x00000000ec080000)
  to   space 3584K, 0% used [0x00000000eb980000,0x00000000eb980000,0x00000000ebd00000)
 ParOldGen       total 699392K, used 328576K [0x00000000c0000000, 0x00000000eab00000, 0x00000000eab00000)
  object space 699392K, 46% used [0x00000000c0000000,0x00000000d40e0190,0x00000000eab00000)
 Metaspace       used 76576K, committed 77760K, reserved 1179648K
  class space    used 8108K, committed 8640K, reserved 1048576K
}
Event: 81.424 GC heap before
{Heap before GC invocations=918 (full 87):
 PSYoungGen      total 17920K, used 17744K [0x00000000eab00000, 0x00000000ec080000, 0x0000000100000000)
  eden space 14848K, 100% used [0x00000000eab00000,0x00000000eb980000,0x00000000eb980000)
  from space 3072K, 94% used [0x00000000ebd80000,0x00000000ec054010,0x00000000ec080000)
  to   space 3584K, 0% used [0x00000000eb980000,0x00000000eb980000,0x00000000ebd00000)
 ParOldGen       total 699392K, used 328576K [0x00000000c0000000, 0x00000000eab00000, 0x00000000eab00000)
  object space 699392K, 46% used [0x00000000c0000000,0x00000000d40e0190,0x00000000eab00000)
 Metaspace       used 76576K, committed 77760K, reserved 1179648K
  class space    used 8108K, committed 8640K, reserved 1048576K
}
Event: 81.427 GC heap after
{Heap after GC invocations=918 (full 87):
 PSYoungGen      total 18432K, used 2848K [0x00000000eab00000, 0x00000000ec000000, 0x0000000100000000)
  eden space 14848K, 0% used [0x00000000eab00000,0x00000000eab00000,0x00000000eb980000)
  from space 3584K, 79% used [0x00000000eb980000,0x00000000ebc48000,0x00000000ebd00000)
  to   space 3072K, 0% used [0x00000000ebd00000,0x00000000ebd00000,0x00000000ec000000)
 ParOldGen       total 699392K, used 328688K [0x00000000c0000000, 0x00000000eab00000, 0x00000000eab00000)
  object space 699392K, 46% used [0x00000000c0000000,0x00000000d40fc190,0x00000000eab00000)
 Metaspace       used 76576K, committed 77760K, reserved 1179648K
  class space    used 8108K, committed 8640K, reserved 1048576K
}
Event: 81.535 GC heap before
{Heap before GC invocations=919 (full 87):
 PSYoungGen      total 18432K, used 17696K [0x00000000eab00000, 0x00000000ec000000, 0x0000000100000000)
  eden space 14848K, 100% used [0x00000000eab00000,0x00000000eb980000,0x00000000eb980000)
  from space 3584K, 79% used [0x00000000eb980000,0x00000000ebc48000,0x00000000ebd00000)
  to   space 3072K, 0% used [0x00000000ebd00000,0x00000000ebd00000,0x00000000ec000000)
 ParOldGen       total 699392K, used 328688K [0x00000000c0000000, 0x00000000eab00000, 0x00000000eab00000)
  object space 699392K, 46% used [0x00000000c0000000,0x00000000d40fc190,0x00000000eab00000)
 Metaspace       used 76579K, committed 77760K, reserved 1179648K
  class space    used 8108K, committed 8640K, reserved 1048576K
}
Event: 81.538 GC heap after
{Heap after GC invocations=919 (full 87):
 PSYoungGen      total 17408K, used 3066K [0x00000000eab00000, 0x00000000ec200000, 0x0000000100000000)
  eden space 14336K, 0% used [0x00000000eab00000,0x00000000eab00000,0x00000000eb900000)
  from space 3072K, 99% used [0x00000000ebd00000,0x00000000ebffe960,0x00000000ec000000)
  to   space 4096K, 0% used [0x00000000eb900000,0x00000000eb900000,0x00000000ebd00000)
 ParOldGen       total 699392K, used 329176K [0x00000000c0000000, 0x00000000eab00000, 0x00000000eab00000)
  object space 699392K, 47% used [0x00000000c0000000,0x00000000d41761d0,0x00000000eab00000)
 Metaspace       used 76579K, committed 77760K, reserved 1179648K
  class space    used 8108K, committed 8640K, reserved 1048576K
}
Event: 81.608 GC heap before
{Heap before GC invocations=920 (full 87):
 PSYoungGen      total 17408K, used 17402K [0x00000000eab00000, 0x00000000ec200000, 0x0000000100000000)
  eden space 14336K, 100% used [0x00000000eab00000,0x00000000eb900000,0x00000000eb900000)
  from space 3072K, 99% used [0x00000000ebd00000,0x00000000ebffe960,0x00000000ec000000)
  to   space 4096K, 0% used [0x00000000eb900000,0x00000000eb900000,0x00000000ebd00000)
 ParOldGen       total 699392K, used 329176K [0x00000000c0000000, 0x00000000eab00000, 0x00000000eab00000)
  object space 699392K, 47% used [0x00000000c0000000,0x00000000d41761d0,0x00000000eab00000)
 Metaspace       used 76579K, committed 77760K, reserved 1179648K
  class space    used 8108K, committed 8640K, reserved 1048576K
}
Event: 81.611 GC heap after
{Heap after GC invocations=920 (full 87):
 PSYoungGen      total 18432K, used 3776K [0x00000000eab00000, 0x00000000ec180000, 0x0000000100000000)
  eden space 14336K, 0% used [0x00000000eab00000,0x00000000eab00000,0x00000000eb900000)
  from space 4096K, 92% used [0x00000000eb900000,0x00000000ebcb0178,0x00000000ebd00000)
  to   space 4096K, 0% used [0x00000000ebd80000,0x00000000ebd80000,0x00000000ec180000)
 ParOldGen       total 699392K, used 329464K [0x00000000c0000000, 0x00000000eab00000, 0x00000000eab00000)
  object space 699392K, 47% used [0x00000000c0000000,0x00000000d41be1d0,0x00000000eab00000)
 Metaspace       used 76579K, committed 77760K, reserved 1179648K
  class space    used 8108K, committed 8640K, reserved 1048576K
}
Event: 81.676 GC heap before
{Heap before GC invocations=921 (full 87):
 PSYoungGen      total 18432K, used 18112K [0x00000000eab00000, 0x00000000ec180000, 0x0000000100000000)
  eden space 14336K, 100% used [0x00000000eab00000,0x00000000eb900000,0x00000000eb900000)
  from space 4096K, 92% used [0x00000000eb900000,0x00000000ebcb0178,0x00000000ebd00000)
  to   space 4096K, 0% used [0x00000000ebd80000,0x00000000ebd80000,0x00000000ec180000)
 ParOldGen       total 699392K, used 329464K [0x00000000c0000000, 0x00000000eab00000, 0x00000000eab00000)
  object space 699392K, 47% used [0x00000000c0000000,0x00000000d41be1d0,0x00000000eab00000)
 Metaspace       used 76579K, committed 77760K, reserved 1179648K
  class space    used 8108K, committed 8640K, reserved 1048576K
}
Event: 81.679 GC heap after
{Heap after GC invocations=921 (full 87):
 PSYoungGen      total 18432K, used 4064K [0x00000000eab00000, 0x00000000ec280000, 0x0000000100000000)
  eden space 14336K, 0% used [0x00000000eab00000,0x00000000eab00000,0x00000000eb900000)
  from space 4096K, 99% used [0x00000000ebd80000,0x00000000ec178178,0x00000000ec180000)
  to   space 4608K, 0% used [0x00000000eb900000,0x00000000eb900000,0x00000000ebd80000)
 ParOldGen       total 699392K, used 329672K [0x00000000c0000000, 0x00000000eab00000, 0x00000000eab00000)
  object space 699392K, 47% used [0x00000000c0000000,0x00000000d41f21d0,0x00000000eab00000)
 Metaspace       used 76579K, committed 77760K, reserved 1179648K
  class space    used 8108K, committed 8640K, reserved 1048576K
}
Event: 81.739 GC heap before
{Heap before GC invocations=922 (full 87):
 PSYoungGen      total 18432K, used 18400K [0x00000000eab00000, 0x00000000ec280000, 0x0000000100000000)
  eden space 14336K, 100% used [0x00000000eab00000,0x00000000eb900000,0x00000000eb900000)
  from space 4096K, 99% used [0x00000000ebd80000,0x00000000ec178178,0x00000000ec180000)
  to   space 4608K, 0% used [0x00000000eb900000,0x00000000eb900000,0x00000000ebd80000)
 ParOldGen       total 699392K, used 329672K [0x00000000c0000000, 0x00000000eab00000, 0x00000000eab00000)
  object space 699392K, 47% used [0x00000000c0000000,0x00000000d41f21d0,0x00000000eab00000)
 Metaspace       used 76579K, committed 77760K, reserved 1179648K
  class space    used 8108K, committed 8640K, reserved 1048576K
}
Event: 81.743 GC heap after
{Heap after GC invocations=922 (full 87):
 PSYoungGen      total 18944K, used 4598K [0x00000000eab00000, 0x00000000ec380000, 0x0000000100000000)
  eden space 14336K, 0% used [0x00000000eab00000,0x00000000eab00000,0x00000000eb900000)
  from space 4608K, 99% used [0x00000000eb900000,0x00000000ebd7d978,0x00000000ebd80000)
  to   space 5120K, 0% used [0x00000000ebe80000,0x00000000ebe80000,0x00000000ec380000)
 ParOldGen       total 699392K, used 329992K [0x00000000c0000000, 0x00000000eab00000, 0x00000000eab00000)
  object space 699392K, 47% used [0x00000000c0000000,0x00000000d42421d0,0x00000000eab00000)
 Metaspace       used 76579K, committed 77760K, reserved 1179648K
  class space    used 8108K, committed 8640K, reserved 1048576K
}
Event: 81.795 GC heap before
{Heap before GC invocations=923 (full 87):
 PSYoungGen      total 18944K, used 18934K [0x00000000eab00000, 0x00000000ec380000, 0x0000000100000000)
  eden space 14336K, 100% used [0x00000000eab00000,0x00000000eb900000,0x00000000eb900000)
  from space 4608K, 99% used [0x00000000eb900000,0x00000000ebd7d978,0x00000000ebd80000)
  to   space 5120K, 0% used [0x00000000ebe80000,0x00000000ebe80000,0x00000000ec380000)
 ParOldGen       total 699392K, used 329992K [0x00000000c0000000, 0x00000000eab00000, 0x00000000eab00000)
  object space 699392K, 47% used [0x00000000c0000000,0x00000000d42421d0,0x00000000eab00000)
 Metaspace       used 76579K, committed 77760K, reserved 1179648K
  class space    used 8108K, committed 8640K, reserved 1048576K
}
Event: 81.798 GC heap after
{Heap after GC invocations=923 (full 87):
 PSYoungGen      total 19456K, used 5094K [0x00000000eab00000, 0x00000000ec480000, 0x0000000100000000)
  eden space 14336K, 0% used [0x00000000eab00000,0x00000000eab00000,0x00000000eb900000)
  from space 5120K, 99% used [0x00000000ebe80000,0x00000000ec379968,0x00000000ec380000)
  to   space 5632K, 0% used [0x00000000eb900000,0x00000000eb900000,0x00000000ebe80000)
 ParOldGen       total 699392K, used 330320K [0x00000000c0000000, 0x00000000eab00000, 0x00000000eab00000)
  object space 699392K, 47% used [0x00000000c0000000,0x00000000d42941e0,0x00000000eab00000)
 Metaspace       used 76579K, committed 77760K, reserved 1179648K
  class space    used 8108K, committed 8640K, reserved 1048576K
}
Event: 81.878 GC heap before
{Heap before GC invocations=924 (full 87):
 PSYoungGen      total 19456K, used 19430K [0x00000000eab00000, 0x00000000ec480000, 0x0000000100000000)
  eden space 14336K, 100% used [0x00000000eab00000,0x00000000eb900000,0x00000000eb900000)
  from space 5120K, 99% used [0x00000000ebe80000,0x00000000ec379968,0x00000000ec380000)
  to   space 5632K, 0% used [0x00000000eb900000,0x00000000eb900000,0x00000000ebe80000)
 ParOldGen       total 699392K, used 330320K [0x00000000c0000000, 0x00000000eab00000, 0x00000000eab00000)
  object space 699392K, 47% used [0x00000000c0000000,0x00000000d42941e0,0x00000000eab00000)
 Metaspace       used 76814K, committed 78016K, reserved 1179648K
  class space    used 8134K, committed 8640K, reserved 1048576K
}
Event: 81.881 GC heap after
{Heap after GC invocations=924 (full 87):
 PSYoungGen      total 19968K, used 5610K [0x00000000eab00000, 0x00000000ec680000, 0x0000000100000000)
  eden space 14336K, 0% used [0x00000000eab00000,0x00000000eab00000,0x00000000eb900000)
  from space 5632K, 99% used [0x00000000eb900000,0x00000000ebe7ab10,0x00000000ebe80000)
  to   space 6656K, 0% used [0x00000000ec000000,0x00000000ec000000,0x00000000ec680000)
 ParOldGen       total 699392K, used 331143K [0x00000000c0000000, 0x00000000eab00000, 0x00000000eab00000)
  object space 699392K, 47% used [0x00000000c0000000,0x00000000d4361ee0,0x00000000eab00000)
 Metaspace       used 76814K, committed 78016K, reserved 1179648K
  class space    used 8134K, committed 8640K, reserved 1048576K
}

